\BOOKMARK [0][-]{section*.1}{\376\377\000D\000e\000c\000l\000a\000r\000a\000t\000i\000o\000n}{}% 1
\BOOKMARK [0][-]{section*.2}{\376\377\000A\000b\000s\000t\000r\000a\000c\000t}{}% 2
\BOOKMARK [0][-]{section*.3}{\376\377\000A\000c\000k\000n\000o\000w\000l\000e\000d\000g\000e\000m\000e\000n\000t\000s}{}% 3
\BOOKMARK [0][-]{chapter*.5}{\376\377\000L\000i\000s\000t\000\040\000o\000f\000\040\000F\000i\000g\000u\000r\000e\000s}{}% 4
\BOOKMARK [0][-]{chapter*.6}{\376\377\000L\000i\000s\000t\000\040\000o\000f\000\040\000T\000a\000b\000l\000e\000s}{}% 5
\BOOKMARK [0][-]{chapter.7}{\376\377\000I\000n\000t\000r\000o\000d\000u\000c\000t\000i\000o\000n}{}% 6
\BOOKMARK [1][-]{section.8}{\376\377\000L\000i\000t\000e\000r\000a\000t\000u\000r\000e\000\040\000r\000e\000v\000i\000e\000w}{chapter.7}% 7
\BOOKMARK [2][-]{subsection.9}{\376\377\000S\000u\000b\000s\000e\000c\000t\000i\000o\000n}{section.8}% 8
\BOOKMARK [1][-]{section.10}{\376\377\000P\000r\000o\000b\000l\000e\000m\000\040\000S\000t\000a\000t\000e\000m\000e\000n\000t}{chapter.7}% 9
\BOOKMARK [1][-]{section.11}{\376\377\000R\000e\000s\000e\000a\000r\000c\000h\000\040\000Q\000u\000e\000s\000t\000i\000o\000n}{chapter.7}% 10
\BOOKMARK [1][-]{section.12}{\376\377\000R\000e\000s\000e\000a\000r\000c\000h\000\040\000A\000i\000m\000s\000\040\000a\000n\000d\000\040\000O\000b\000j\000e\000c\000t\000i\000v\000e\000s}{chapter.7}% 11
\BOOKMARK [2][-]{subsection.13}{\376\377\000R\000e\000s\000e\000a\000r\000c\000h\000\040\000A\000i\000m\000s}{section.12}% 12
\BOOKMARK [2][-]{subsection.14}{\376\377\000O\000b\000j\000e\000c\000t\000i\000v\000e\000s}{section.12}% 13
\BOOKMARK [1][-]{section.15}{\376\377\000L\000i\000m\000i\000t\000a\000t\000i\000o\000n\000s}{chapter.7}% 14
\BOOKMARK [1][-]{section.16}{\376\377\000O\000v\000e\000r\000v\000i\000e\000w}{chapter.7}% 15
\BOOKMARK [0][-]{chapter.17}{\376\377\000R\000e\000s\000e\000a\000r\000c\000h\000\040\000M\000e\000t\000h\000o\000d\000o\000l\000o\000g\000y}{}% 16
\BOOKMARK [1][-]{section.18}{\376\377\000R\000e\000s\000e\000a\000r\000c\000h\000\040\000d\000e\000s\000i\000g\000n}{chapter.17}% 17
\BOOKMARK [1][-]{section.19}{\376\377\000M\000e\000t\000h\000o\000d\000s}{chapter.17}% 18
\BOOKMARK [1][-]{section.20}{\376\377\000L\000i\000m\000i\000t\000a\000t\000i\000o\000n\000s}{chapter.17}% 19
\BOOKMARK [1][-]{section.21}{\376\377\000E\000t\000h\000i\000c\000a\000l\000\040\000C\000o\000n\000s\000i\000d\000e\000r\000a\000t\000i\000o\000n\000s}{chapter.17}% 20
\BOOKMARK [0][-]{chapter.22}{\376\377\000S\000c\000h\000e\000d\000u\000l\000e\000\040\000o\000f\000\040\000W\000o\000r\000k}{}% 21
\BOOKMARK [1][-]{section.23}{\376\377\000S\000c\000h\000e\000d\000u\000l\000e\000\040\000o\000f\000\040\000W\000o\000r\000k}{chapter.22}% 22
\BOOKMARK [1][-]{section.24}{\376\377\000P\000o\000t\000e\000n\000t\000i\000a\000l\000\040\000D\000i\000f\000f\000i\000c\000u\000l\000t\000i\000e\000s}{chapter.22}% 23
\BOOKMARK [0][-]{chapter.25}{\376\377\000C\000o\000n\000c\000l\000u\000s\000i\000o\000n}{}% 24
\BOOKMARK [0][-]{appendix.26}{\376\377\000A\000p\000p\000e\000n\000d\000i\000x\000\040\000T\000i\000t\000l\000e}{}% 25
\BOOKMARK [1][-]{section.27}{\376\377\000M\000a\000i\000n\000\040\000S\000e\000c\000t\000i\000o\000n}{appendix.26}% 26
\BOOKMARK [0][-]{appendix.28}{\376\377\000U\000s\000i\000n\000g\000\040\000t\000h\000i\000s\000\040\000T\000e\000m\000p\000l\000a\000t\000e}{}% 27
\BOOKMARK [1][-]{section.29}{\376\377\000W\000h\000a\000t\000\040\000t\000h\000i\000s\000\040\000T\000e\000m\000p\000l\000a\000t\000e\000\040\000I\000n\000c\000l\000u\000d\000e\000s}{appendix.28}% 28
\BOOKMARK [2][-]{subsection.30}{\376\377\000F\000o\000l\000d\000e\000r\000s}{section.29}% 29
\BOOKMARK [2][-]{subsection.31}{\376\377\000F\000i\000l\000e\000s}{section.29}% 30
\BOOKMARK [1][-]{section.32}{\376\377\000F\000i\000l\000l\000i\000n\000g\000\040\000i\000n\000\040\000Y\000o\000u\000r\000\040\000I\000n\000f\000o\000r\000m\000a\000t\000i\000o\000n\000\040\000i\000n\000\040\000t\000h\000e\000\040\000m\000a\000i\000n\000.\000t\000e\000x\000\040\000F\000i\000l\000e}{appendix.28}% 31
\BOOKMARK [1][-]{section.33}{\376\377\000T\000h\000e\000s\000i\000s\000\040\000F\000e\000a\000t\000u\000r\000e\000s\000\040\000a\000n\000d\000\040\000C\000o\000n\000v\000e\000n\000t\000i\000o\000n\000s}{appendix.28}% 32
\BOOKMARK [2][-]{subsection.34}{\376\377\000R\000e\000f\000e\000r\000e\000n\000c\000e\000s}{section.33}% 33
\BOOKMARK [3][-]{section*.36}{\376\377\000A\000\040\000N\000o\000t\000e\000\040\000o\000n\000\040\000b\000i\000b\000t\000e\000x}{subsection.34}% 34
\BOOKMARK [2][-]{subsection.37}{\376\377\000T\000a\000b\000l\000e\000s}{section.33}% 35
\BOOKMARK [2][-]{subsection.39}{\376\377\000F\000i\000g\000u\000r\000e\000s}{section.33}% 36
\BOOKMARK [2][-]{subsection.41}{\376\377\000T\000y\000p\000e\000s\000e\000t\000t\000i\000n\000g\000\040\000m\000a\000t\000h\000e\000m\000a\000t\000i\000c\000s}{section.33}% 37
